10/18/2024 03:14:04 PM - LoginPage - INFO: Element found with locator: //input[@name='username'] and locator_type: xpath
10/18/2024 03:14:04 PM - LoginPage - INFO: Element found with locator: //input[@name='password'] and locator_type: xpath
10/18/2024 03:14:04 PM - LoginPage - INFO: Element found with locator: //input[@name='username'] and locator_type: xpath
10/18/2024 03:14:04 PM - LoginPage - INFO: Send text on element with locator: //input[@name='username'] locator Type: xpath
10/18/2024 03:14:04 PM - LoginPage - INFO: Element found with locator: //input[@name='password'] and locator_type: xpath
10/18/2024 03:14:04 PM - LoginPage - INFO: Send text on element with locator: //input[@name='password'] locator Type: xpath
10/18/2024 03:14:04 PM - LoginPage - INFO: Element found with locator: //button[normalize-space()='Login'] and locator_type: xpath
10/18/2024 03:14:05 PM - LoginPage - INFO: Clicked on element with locator: //button[normalize-space()='Login'] locator Type: xpath
10/18/2024 03:14:05 PM - Util - INFO: Actual Text From Application Web UI --> :: OrangeHRM
10/18/2024 03:14:05 PM - Util - INFO: Expected Text From Application Web UI --> :: OrangeHRM
10/18/2024 03:14:05 PM - Util - INFO: ### VERIFICATION CONTAINS !!!
10/18/2024 03:14:05 PM - ReportStatus - INFO: ### VERIFICATION SUCCESSFUL :: + Title verified
10/18/2024 03:14:05 PM - DashboardPage - INFO: Element found with locator: //img[@src='/web/index.php/pim/viewPhoto/empNumber/7'] and locator_type: xpath
10/18/2024 03:14:05 PM - DashboardPage - INFO: Element present with locator: //img[@src='/web/index.php/pim/viewPhoto/empNumber/7']locator_type: xpath
10/18/2024 03:14:09 PM - ReportStatus - INFO: ### VERIFICATION SUCCESSFUL :: + Login successful
10/18/2024 03:14:09 PM - ReportStatus - INFO: test_valid_login ### TEST CASE PASSED ###
10/18/2024 03:14:11 PM - LoginPage - INFO: Element found with locator: //input[@name='username'] and locator_type: xpath
10/18/2024 03:14:11 PM - LoginPage - INFO: Element found with locator: //input[@name='password'] and locator_type: xpath
10/18/2024 03:14:11 PM - LoginPage - INFO: Element found with locator: //input[@name='username'] and locator_type: xpath
10/18/2024 03:14:11 PM - LoginPage - INFO: Send text on element with locator: //input[@name='username'] locator Type: xpath
10/18/2024 03:14:11 PM - LoginPage - INFO: Element found with locator: //input[@name='password'] and locator_type: xpath
10/18/2024 03:14:11 PM - LoginPage - INFO: Send text on element with locator: //input[@name='password'] locator Type: xpath
10/18/2024 03:14:11 PM - LoginPage - INFO: Element found with locator: //button[normalize-space()='Login'] and locator_type: xpath
10/18/2024 03:14:12 PM - LoginPage - INFO: Clicked on element with locator: //button[normalize-space()='Login'] locator Type: xpath
10/18/2024 03:14:12 PM - DashboardPage - INFO: Element found with locator: //img[@src='/web/index.php/pim/viewPhoto/empNumber/7'] and locator_type: xpath
10/18/2024 03:14:12 PM - DashboardPage - INFO: Element present with locator: //img[@src='/web/index.php/pim/viewPhoto/empNumber/7']locator_type: xpath
10/18/2024 03:14:14 PM - ReportStatus - INFO: ### VERIFICATION SUCCESSFUL :: + Login verified
10/18/2024 03:14:14 PM - ReportStatus - INFO: test_valid_login ### TEST CASE PASSED ###
10/18/2024 03:14:16 PM - LoginPage - INFO: Element found with locator: //input[@name='username'] and locator_type: xpath
10/18/2024 03:14:16 PM - LoginPage - INFO: Element found with locator: //input[@name='password'] and locator_type: xpath
10/18/2024 03:14:16 PM - LoginPage - INFO: Element found with locator: //input[@name='username'] and locator_type: xpath
10/18/2024 03:14:16 PM - LoginPage - INFO: Send text on element with locator: //input[@name='username'] locator Type: xpath
10/18/2024 03:14:16 PM - LoginPage - INFO: Element found with locator: //input[@name='password'] and locator_type: xpath
10/18/2024 03:14:16 PM - LoginPage - INFO: Send text on element with locator: //input[@name='password'] locator Type: xpath
10/18/2024 03:14:16 PM - LoginPage - INFO: Element found with locator: //button[normalize-space()='Login'] and locator_type: xpath
10/18/2024 03:14:17 PM - LoginPage - INFO: Clicked on element with locator: //button[normalize-space()='Login'] locator Type: xpath
10/18/2024 03:14:17 PM - DashboardPage - INFO: Element found with locator: //img[@src='/web/index.php/pim/viewPhoto/empNumber/7'] and locator_type: xpath
10/18/2024 03:14:17 PM - DashboardPage - INFO: Element present with locator: //img[@src='/web/index.php/pim/viewPhoto/empNumber/7']locator_type: xpath
10/18/2024 03:14:19 PM - ReportStatus - INFO: ### VERIFICATION SUCCESSFUL :: + Login verified
10/18/2024 03:14:19 PM - ReportStatus - INFO: test_valid_login ### TEST CASE PASSED ###
10/18/2024 03:14:21 PM - LoginPage - INFO: Element found with locator: //input[@name='username'] and locator_type: xpath
10/18/2024 03:14:21 PM - LoginPage - INFO: Element found with locator: //input[@name='password'] and locator_type: xpath
10/18/2024 03:14:21 PM - LoginPage - INFO: Element found with locator: //input[@name='username'] and locator_type: xpath
10/18/2024 03:14:21 PM - LoginPage - INFO: Send text on element with locator: //input[@name='username'] locator Type: xpath
10/18/2024 03:14:21 PM - LoginPage - INFO: Element found with locator: //input[@name='password'] and locator_type: xpath
10/18/2024 03:14:21 PM - LoginPage - INFO: Send text on element with locator: //input[@name='password'] locator Type: xpath
10/18/2024 03:14:21 PM - LoginPage - INFO: Element found with locator: //button[normalize-space()='Login'] and locator_type: xpath
10/18/2024 03:14:22 PM - LoginPage - INFO: Clicked on element with locator: //button[normalize-space()='Login'] locator Type: xpath
10/18/2024 03:14:22 PM - DashboardPage - INFO: Element found with locator: //img[@src='/web/index.php/pim/viewPhoto/empNumber/7'] and locator_type: xpath
10/18/2024 03:14:22 PM - DashboardPage - INFO: Element present with locator: //img[@src='/web/index.php/pim/viewPhoto/empNumber/7']locator_type: xpath
10/18/2024 03:14:24 PM - ReportStatus - INFO: ### VERIFICATION SUCCESSFUL :: + Login verified
10/18/2024 03:14:24 PM - ReportStatus - INFO: test_valid_login ### TEST CASE PASSED ###
10/18/2024 03:14:26 PM - LoginPage - INFO: Element found with locator: //input[@name='username'] and locator_type: xpath
10/18/2024 03:14:26 PM - LoginPage - INFO: Element found with locator: //input[@name='password'] and locator_type: xpath
10/18/2024 03:14:26 PM - LoginPage - INFO: Element found with locator: //input[@name='username'] and locator_type: xpath
10/18/2024 03:14:26 PM - LoginPage - INFO: Send text on element with locator: //input[@name='username'] locator Type: xpath
10/18/2024 03:14:26 PM - LoginPage - INFO: Element found with locator: //input[@name='password'] and locator_type: xpath
10/18/2024 03:14:26 PM - LoginPage - INFO: Send text on element with locator: //input[@name='password'] locator Type: xpath
10/18/2024 03:14:26 PM - LoginPage - INFO: Element found with locator: //button[normalize-space()='Login'] and locator_type: xpath
10/18/2024 03:14:27 PM - LoginPage - INFO: Clicked on element with locator: //button[normalize-space()='Login'] locator Type: xpath
10/18/2024 03:14:27 PM - DashboardPage - INFO: Element found with locator: //img[@src='/web/index.php/pim/viewPhoto/empNumber/7'] and locator_type: xpath
10/18/2024 03:14:27 PM - DashboardPage - INFO: Element present with locator: //img[@src='/web/index.php/pim/viewPhoto/empNumber/7']locator_type: xpath
10/18/2024 03:14:29 PM - ReportStatus - INFO: ### VERIFICATION SUCCESSFUL :: + Login verified
10/18/2024 03:14:29 PM - ReportStatus - INFO: test_valid_login ### TEST CASE PASSED ###
10/18/2024 03:14:31 PM - LoginPage - INFO: Element found with locator: //input[@name='username'] and locator_type: xpath
10/18/2024 03:14:31 PM - LoginPage - INFO: Element found with locator: //input[@name='password'] and locator_type: xpath
10/18/2024 03:14:31 PM - LoginPage - INFO: Element found with locator: //input[@name='username'] and locator_type: xpath
10/18/2024 03:14:31 PM - LoginPage - INFO: Send text on element with locator: //input[@name='username'] locator Type: xpath
10/18/2024 03:14:31 PM - LoginPage - INFO: Element found with locator: //input[@name='password'] and locator_type: xpath
10/18/2024 03:14:31 PM - LoginPage - INFO: Send text on element with locator: //input[@name='password'] locator Type: xpath
10/18/2024 03:14:31 PM - LoginPage - INFO: Element found with locator: //button[normalize-space()='Login'] and locator_type: xpath
10/18/2024 03:14:32 PM - LoginPage - INFO: Clicked on element with locator: //button[normalize-space()='Login'] locator Type: xpath
10/18/2024 03:14:32 PM - DashboardPage - INFO: Element found with locator: //img[@src='/web/index.php/pim/viewPhoto/empNumber/7'] and locator_type: xpath
10/18/2024 03:14:32 PM - DashboardPage - INFO: Element present with locator: //img[@src='/web/index.php/pim/viewPhoto/empNumber/7']locator_type: xpath
10/18/2024 03:14:34 PM - ReportStatus - INFO: ### VERIFICATION SUCCESSFUL :: + Login verified
10/18/2024 03:14:34 PM - ReportStatus - INFO: test_valid_login ### TEST CASE PASSED ###
10/18/2024 03:14:36 PM - LoginPage - INFO: Element found with locator: //input[@name='username'] and locator_type: xpath
10/18/2024 03:14:36 PM - LoginPage - INFO: Element found with locator: //input[@name='password'] and locator_type: xpath
10/18/2024 03:14:36 PM - LoginPage - INFO: Element found with locator: //input[@name='username'] and locator_type: xpath
10/18/2024 03:14:36 PM - LoginPage - INFO: Send text on element with locator: //input[@name='username'] locator Type: xpath
10/18/2024 03:14:36 PM - LoginPage - INFO: Element found with locator: //input[@name='password'] and locator_type: xpath
10/18/2024 03:14:36 PM - LoginPage - INFO: Send text on element with locator: //input[@name='password'] locator Type: xpath
10/18/2024 03:14:36 PM - LoginPage - INFO: Element found with locator: //button[normalize-space()='Login'] and locator_type: xpath
10/18/2024 03:14:37 PM - LoginPage - INFO: Clicked on element with locator: //button[normalize-space()='Login'] locator Type: xpath
10/18/2024 03:14:37 PM - DashboardPage - INFO: Element found with locator: //img[@src='/web/index.php/pim/viewPhoto/empNumber/7'] and locator_type: xpath
10/18/2024 03:14:37 PM - DashboardPage - INFO: Element present with locator: //img[@src='/web/index.php/pim/viewPhoto/empNumber/7']locator_type: xpath
10/18/2024 03:14:39 PM - ReportStatus - INFO: ### VERIFICATION SUCCESSFUL :: + Login verified
10/18/2024 03:14:39 PM - ReportStatus - INFO: test_valid_login ### TEST CASE PASSED ###
10/18/2024 03:14:41 PM - LoginPage - INFO: Element found with locator: //input[@name='username'] and locator_type: xpath
10/18/2024 03:14:41 PM - LoginPage - INFO: Element found with locator: //input[@name='password'] and locator_type: xpath
10/18/2024 03:14:41 PM - LoginPage - INFO: Element found with locator: //input[@name='username'] and locator_type: xpath
10/18/2024 03:14:41 PM - LoginPage - INFO: Send text on element with locator: //input[@name='username'] locator Type: xpath
10/18/2024 03:14:41 PM - LoginPage - INFO: Element found with locator: //input[@name='password'] and locator_type: xpath
10/18/2024 03:14:41 PM - LoginPage - INFO: Send text on element with locator: //input[@name='password'] locator Type: xpath
10/18/2024 03:14:41 PM - LoginPage - INFO: Element found with locator: //button[normalize-space()='Login'] and locator_type: xpath
10/18/2024 03:14:42 PM - LoginPage - INFO: Clicked on element with locator: //button[normalize-space()='Login'] locator Type: xpath
10/18/2024 03:14:42 PM - LoginPage - DEBUG: In locator condition
10/18/2024 03:14:42 PM - LoginPage - INFO: Element found with locator: //div[contains(@class, 'oxd-alert-content--error')] and locator_type: xpath
10/18/2024 03:14:42 PM - LoginPage - DEBUG: Before finding text
10/18/2024 03:14:42 PM - LoginPage - DEBUG: After finding element, size is: 19
10/18/2024 03:14:42 PM - LoginPage - INFO: Getting text on element :: 
10/18/2024 03:14:42 PM - LoginPage - INFO: The text is :: 'Invalid credentials'
10/18/2024 03:14:42 PM - Util - INFO: Wait :: '2' seconds for Waiting for the error message
10/18/2024 03:14:44 PM - ReportStatus - INFO: ### VERIFICATION SUCCESSFUL :: + Error message verified
10/18/2024 03:14:44 PM - ReportStatus - INFO: test_invalid_login ### TEST CASE PASSED ###
10/18/2024 03:14:46 PM - LoginPage - INFO: Element found with locator: //input[@name='username'] and locator_type: xpath
10/18/2024 03:14:46 PM - LoginPage - INFO: Element found with locator: //input[@name='password'] and locator_type: xpath
10/18/2024 03:14:46 PM - LoginPage - INFO: Element found with locator: //input[@name='username'] and locator_type: xpath
10/18/2024 03:14:46 PM - LoginPage - INFO: Send text on element with locator: //input[@name='username'] locator Type: xpath
10/18/2024 03:14:46 PM - LoginPage - INFO: Element found with locator: //input[@name='password'] and locator_type: xpath
10/18/2024 03:14:46 PM - LoginPage - INFO: Send text on element with locator: //input[@name='password'] locator Type: xpath
10/18/2024 03:14:46 PM - LoginPage - INFO: Element found with locator: //button[normalize-space()='Login'] and locator_type: xpath
10/18/2024 03:14:46 PM - LoginPage - INFO: Clicked on element with locator: //button[normalize-space()='Login'] locator Type: xpath
10/18/2024 03:14:46 PM - LoginPage - DEBUG: In locator condition
10/18/2024 03:14:47 PM - LoginPage - INFO: Element found with locator: //div[contains(@class, 'oxd-alert-content--error')] and locator_type: xpath
10/18/2024 03:14:47 PM - LoginPage - DEBUG: Before finding text
10/18/2024 03:14:47 PM - LoginPage - DEBUG: After finding element, size is: 19
10/18/2024 03:14:47 PM - LoginPage - INFO: Getting text on element :: 
10/18/2024 03:14:47 PM - LoginPage - INFO: The text is :: 'Invalid credentials'
10/18/2024 03:14:47 PM - Util - INFO: Wait :: '2' seconds for Waiting for the error message
10/18/2024 03:14:49 PM - ReportStatus - INFO: ### VERIFICATION SUCCESSFUL :: + Error message verified
10/18/2024 03:14:49 PM - ReportStatus - INFO: test_invalid_login ### TEST CASE PASSED ###
10/18/2024 03:14:51 PM - LoginPage - INFO: Element found with locator: //input[@name='username'] and locator_type: xpath
10/18/2024 03:14:51 PM - LoginPage - INFO: Element found with locator: //input[@name='password'] and locator_type: xpath
10/18/2024 03:14:51 PM - LoginPage - INFO: Element found with locator: //input[@name='username'] and locator_type: xpath
10/18/2024 03:14:51 PM - LoginPage - INFO: Send text on element with locator: //input[@name='username'] locator Type: xpath
10/18/2024 03:14:51 PM - LoginPage - INFO: Element found with locator: //input[@name='password'] and locator_type: xpath
10/18/2024 03:14:51 PM - LoginPage - INFO: Send text on element with locator: //input[@name='password'] locator Type: xpath
10/18/2024 03:14:51 PM - LoginPage - INFO: Element found with locator: //button[normalize-space()='Login'] and locator_type: xpath
10/18/2024 03:14:51 PM - LoginPage - INFO: Clicked on element with locator: //button[normalize-space()='Login'] locator Type: xpath
10/18/2024 03:14:51 PM - LoginPage - DEBUG: In locator condition
10/18/2024 03:14:51 PM - LoginPage - INFO: Element found with locator: //div[contains(@class, 'oxd-alert-content--error')] and locator_type: xpath
10/18/2024 03:14:51 PM - LoginPage - DEBUG: Before finding text
10/18/2024 03:14:51 PM - LoginPage - DEBUG: After finding element, size is: 19
10/18/2024 03:14:51 PM - LoginPage - INFO: Getting text on element :: 
10/18/2024 03:14:51 PM - LoginPage - INFO: The text is :: 'Invalid credentials'
10/18/2024 03:14:51 PM - Util - INFO: Wait :: '2' seconds for Waiting for the error message
10/18/2024 03:14:53 PM - ReportStatus - INFO: ### VERIFICATION SUCCESSFUL :: + Error message verified
10/18/2024 03:14:53 PM - ReportStatus - INFO: test_invalid_login ### TEST CASE PASSED ###
10/18/2024 03:14:55 PM - LoginPage - INFO: Element found with locator: //input[@name='username'] and locator_type: xpath
10/18/2024 03:14:55 PM - LoginPage - INFO: Element found with locator: //input[@name='password'] and locator_type: xpath
10/18/2024 03:14:55 PM - LoginPage - INFO: Element found with locator: //input[@name='username'] and locator_type: xpath
10/18/2024 03:14:55 PM - LoginPage - INFO: Send text on element with locator: //input[@name='username'] locator Type: xpath
10/18/2024 03:14:55 PM - LoginPage - INFO: Element found with locator: //input[@name='password'] and locator_type: xpath
10/18/2024 03:14:55 PM - LoginPage - INFO: Send text on element with locator: //input[@name='password'] locator Type: xpath
10/18/2024 03:14:55 PM - LoginPage - INFO: Element found with locator: //button[normalize-space()='Login'] and locator_type: xpath
10/18/2024 03:14:56 PM - LoginPage - INFO: Clicked on element with locator: //button[normalize-space()='Login'] locator Type: xpath
10/18/2024 03:14:56 PM - Util - INFO: Actual Text From Application Web UI --> :: OrangeHRM
10/18/2024 03:14:56 PM - Util - INFO: Expected Text From Application Web UI --> :: OrangeHRM
10/18/2024 03:14:56 PM - Util - INFO: ### VERIFICATION CONTAINS !!!
10/18/2024 03:14:56 PM - ReportStatus - INFO: ### VERIFICATION SUCCESSFUL :: + Title verified
10/18/2024 03:14:56 PM - DashboardPage - INFO: Element found with locator: //img[@src='/web/index.php/pim/viewPhoto/empNumber/7'] and locator_type: xpath
10/18/2024 03:14:56 PM - DashboardPage - INFO: Element present with locator: //img[@src='/web/index.php/pim/viewPhoto/empNumber/7']locator_type: xpath
10/18/2024 03:15:00 PM - ReportStatus - INFO: ### VERIFICATION SUCCESSFUL :: + Login successful
10/18/2024 03:15:00 PM - DashboardPage - INFO: Element found with locator: //img[@src='/web/index.php/pim/viewPhoto/empNumber/7'] and locator_type: xpath
10/18/2024 03:15:00 PM - DashboardPage - INFO: Clicked on element with locator: //img[@src='/web/index.php/pim/viewPhoto/empNumber/7'] locator Type: xpath
10/18/2024 03:15:02 PM - DashboardPage - INFO: Element found with locator: //a[text()='Logout'] and locator_type: xpath
10/18/2024 03:15:03 PM - DashboardPage - INFO: Clicked on element with locator: //a[text()='Logout'] locator Type: xpath
10/18/2024 03:15:10 PM - LoginPage - INFO: Element not found with locator: //div[@class='orangehrm-login-branding']/img[2] and locator_type: xpath
10/18/2024 03:15:10 PM - LoginPage - INFO: Element NOT present with locator: //div[@class='orangehrm-login-branding']/img[2]locator_type: xpath
10/18/2024 03:15:10 PM - ReportStatus - ERROR: ### VERIFICATION FAILED :: + Login and logout successful
10/18/2024 03:15:10 PM - ReportStatus - INFO: Screenshot save to directory: /Users/jerome/Documents/Code/Selenium Python/selenium_python_pom/base/../screenshots/Login and logout successful.1729278910183.png
10/18/2024 03:15:10 PM - ReportStatus - ERROR: test_valid_login_and_logout ### TEST CASE FAILED ###
10/18/2024 03:16:26 PM - LoginPage - INFO: Element found with locator: //input[@name='username'] and locator_type: xpath
10/18/2024 03:16:26 PM - LoginPage - INFO: Element found with locator: //input[@name='password'] and locator_type: xpath
10/18/2024 03:16:26 PM - LoginPage - INFO: Element found with locator: //input[@name='username'] and locator_type: xpath
10/18/2024 03:16:26 PM - LoginPage - INFO: Send text on element with locator: //input[@name='username'] locator Type: xpath
10/18/2024 03:16:26 PM - LoginPage - INFO: Element found with locator: //input[@name='password'] and locator_type: xpath
10/18/2024 03:16:26 PM - LoginPage - INFO: Send text on element with locator: //input[@name='password'] locator Type: xpath
10/18/2024 03:16:26 PM - LoginPage - INFO: Element found with locator: //button[normalize-space()='Login'] and locator_type: xpath
10/18/2024 03:16:27 PM - LoginPage - INFO: Clicked on element with locator: //button[normalize-space()='Login'] locator Type: xpath
10/18/2024 03:16:27 PM - Util - INFO: Actual Text From Application Web UI --> :: OrangeHRM
10/18/2024 03:16:27 PM - Util - INFO: Expected Text From Application Web UI --> :: OrangeHRM
10/18/2024 03:16:27 PM - Util - INFO: ### VERIFICATION CONTAINS !!!
10/18/2024 03:16:27 PM - ReportStatus - INFO: ### VERIFICATION SUCCESSFUL :: + Title verified
10/18/2024 03:16:27 PM - DashboardPage - INFO: Element found with locator: //img[@src='/web/index.php/pim/viewPhoto/empNumber/7'] and locator_type: xpath
10/18/2024 03:16:27 PM - DashboardPage - INFO: Element present with locator: //img[@src='/web/index.php/pim/viewPhoto/empNumber/7']locator_type: xpath
10/18/2024 03:16:31 PM - ReportStatus - INFO: ### VERIFICATION SUCCESSFUL :: + Login successful
10/18/2024 03:16:31 PM - DashboardPage - INFO: Element found with locator: //img[@src='/web/index.php/pim/viewPhoto/empNumber/7'] and locator_type: xpath
10/18/2024 03:16:31 PM - DashboardPage - INFO: Clicked on element with locator: //img[@src='/web/index.php/pim/viewPhoto/empNumber/7'] locator Type: xpath
10/18/2024 03:16:33 PM - DashboardPage - INFO: Element found with locator: //a[text()='Logout'] and locator_type: xpath
10/18/2024 03:16:33 PM - DashboardPage - INFO: Clicked on element with locator: //a[text()='Logout'] locator Type: xpath
10/18/2024 03:16:40 PM - LoginPage - INFO: Element not found with locator: //div[@class='orangehrm-login-branding']/img[2] and locator_type: xpath
10/18/2024 03:16:40 PM - LoginPage - INFO: Element NOT present with locator: //div[@class='orangehrm-login-branding']/img[2]locator_type: xpath
10/18/2024 03:16:40 PM - ReportStatus - ERROR: ### VERIFICATION FAILED :: + Login and logout successful
10/18/2024 03:16:40 PM - ReportStatus - INFO: Screenshot save to directory: /Users/jerome/Documents/Code/Selenium Python/selenium_python_pom/base/../screenshots/Login and logout successful.1729279000759.png
10/18/2024 03:16:40 PM - ReportStatus - ERROR: test_valid_login_and_logout ### TEST CASE FAILED ###
10/18/2024 03:35:32 PM - LoginPage - INFO: Element found with locator: //input[@name='username'] and locator_type: xpath
10/18/2024 03:35:32 PM - LoginPage - INFO: Element found with locator: //input[@name='password'] and locator_type: xpath
10/18/2024 03:35:32 PM - LoginPage - INFO: Element found with locator: //input[@name='username'] and locator_type: xpath
10/18/2024 03:35:33 PM - LoginPage - INFO: Send text on element with locator: //input[@name='username'] locator Type: xpath
10/18/2024 03:35:33 PM - LoginPage - INFO: Element found with locator: //input[@name='password'] and locator_type: xpath
10/18/2024 03:35:33 PM - LoginPage - INFO: Send text on element with locator: //input[@name='password'] locator Type: xpath
10/18/2024 03:35:33 PM - LoginPage - INFO: Element found with locator: //button[normalize-space()='Login'] and locator_type: xpath
10/18/2024 03:35:33 PM - LoginPage - INFO: Clicked on element with locator: //button[normalize-space()='Login'] locator Type: xpath
10/18/2024 03:35:33 PM - Util - INFO: Actual Text From Application Web UI --> :: OrangeHRM
10/18/2024 03:35:33 PM - Util - INFO: Expected Text From Application Web UI --> :: OrangeHRM
10/18/2024 03:35:33 PM - Util - INFO: ### VERIFICATION CONTAINS !!!
10/18/2024 03:35:33 PM - ReportStatus - INFO: ### VERIFICATION SUCCESSFUL :: + Title verified
10/18/2024 03:35:33 PM - DashboardPage - INFO: Element found with locator: //img[@src='/web/index.php/pim/viewPhoto/empNumber/7'] and locator_type: xpath
10/18/2024 03:35:33 PM - DashboardPage - INFO: Element present with locator: //img[@src='/web/index.php/pim/viewPhoto/empNumber/7']locator_type: xpath
10/18/2024 03:35:37 PM - ReportStatus - INFO: ### VERIFICATION SUCCESSFUL :: + Login successful
10/18/2024 03:35:37 PM - DashboardPage - INFO: Element found with locator: //img[@src='/web/index.php/pim/viewPhoto/empNumber/7'] and locator_type: xpath
10/18/2024 03:35:38 PM - DashboardPage - INFO: Clicked on element with locator: //img[@src='/web/index.php/pim/viewPhoto/empNumber/7'] locator Type: xpath
10/18/2024 03:35:40 PM - DashboardPage - INFO: Element found with locator: //a[text()='Logout'] and locator_type: xpath
10/18/2024 03:35:40 PM - DashboardPage - INFO: Clicked on element with locator: //a[text()='Logout'] locator Type: xpath
10/18/2024 03:35:42 PM - LoginPage - INFO: Element found with locator: //div[@class='orangehrm-login-branding']/img[1] and locator_type: xpath
10/18/2024 03:35:42 PM - LoginPage - INFO: Element present with locator: //div[@class='orangehrm-login-branding']/img[1]locator_type: xpath
10/18/2024 03:35:42 PM - ReportStatus - INFO: ### VERIFICATION SUCCESSFUL :: + Login and logout successful
10/18/2024 03:35:42 PM - ReportStatus - INFO: test_valid_login_and_logout ### TEST CASE PASSED ###
10/18/2024 03:35:59 PM - LoginPage - INFO: Element found with locator: //input[@name='username'] and locator_type: xpath
10/18/2024 03:35:59 PM - LoginPage - INFO: Element found with locator: //input[@name='password'] and locator_type: xpath
10/18/2024 03:35:59 PM - LoginPage - INFO: Element found with locator: //input[@name='username'] and locator_type: xpath
10/18/2024 03:35:59 PM - LoginPage - INFO: Send text on element with locator: //input[@name='username'] locator Type: xpath
10/18/2024 03:35:59 PM - LoginPage - INFO: Element found with locator: //input[@name='password'] and locator_type: xpath
10/18/2024 03:35:59 PM - LoginPage - INFO: Send text on element with locator: //input[@name='password'] locator Type: xpath
10/18/2024 03:35:59 PM - LoginPage - INFO: Element found with locator: //button[normalize-space()='Login'] and locator_type: xpath
10/18/2024 03:36:00 PM - LoginPage - INFO: Clicked on element with locator: //button[normalize-space()='Login'] locator Type: xpath
10/18/2024 03:36:00 PM - Util - INFO: Actual Text From Application Web UI --> :: OrangeHRM
10/18/2024 03:36:00 PM - Util - INFO: Expected Text From Application Web UI --> :: OrangeHRM
10/18/2024 03:36:00 PM - Util - INFO: ### VERIFICATION CONTAINS !!!
10/18/2024 03:36:00 PM - ReportStatus - INFO: ### VERIFICATION SUCCESSFUL :: + Title verified
10/18/2024 03:36:00 PM - DashboardPage - INFO: Element found with locator: //img[@src='/web/index.php/pim/viewPhoto/empNumber/7'] and locator_type: xpath
10/18/2024 03:36:00 PM - DashboardPage - INFO: Element present with locator: //img[@src='/web/index.php/pim/viewPhoto/empNumber/7']locator_type: xpath
10/18/2024 03:36:04 PM - ReportStatus - INFO: ### VERIFICATION SUCCESSFUL :: + Login successful
10/18/2024 03:36:04 PM - DashboardPage - INFO: Element found with locator: //img[@src='/web/index.php/pim/viewPhoto/empNumber/7'] and locator_type: xpath
10/18/2024 03:36:04 PM - DashboardPage - INFO: Clicked on element with locator: //img[@src='/web/index.php/pim/viewPhoto/empNumber/7'] locator Type: xpath
10/18/2024 03:36:06 PM - DashboardPage - INFO: Element found with locator: //a[text()='Logout'] and locator_type: xpath
10/18/2024 03:36:07 PM - DashboardPage - INFO: Clicked on element with locator: //a[text()='Logout'] locator Type: xpath
10/18/2024 03:36:09 PM - LoginPage - INFO: Element found with locator: //div[@class='orangehrm-login-branding']/img and locator_type: xpath
10/18/2024 03:36:09 PM - LoginPage - INFO: Element present with locator: //div[@class='orangehrm-login-branding']/imglocator_type: xpath
10/18/2024 03:36:09 PM - ReportStatus - INFO: ### VERIFICATION SUCCESSFUL :: + Login and logout successful
10/18/2024 03:36:09 PM - ReportStatus - INFO: test_valid_login_and_logout ### TEST CASE PASSED ###
10/18/2024 03:36:30 PM - LoginPage - INFO: Element found with locator: //input[@name='username'] and locator_type: xpath
10/18/2024 03:36:30 PM - LoginPage - INFO: Element found with locator: //input[@name='password'] and locator_type: xpath
10/18/2024 03:36:30 PM - LoginPage - INFO: Element found with locator: //input[@name='username'] and locator_type: xpath
10/18/2024 03:36:30 PM - LoginPage - INFO: Send text on element with locator: //input[@name='username'] locator Type: xpath
10/18/2024 03:36:30 PM - LoginPage - INFO: Element found with locator: //input[@name='password'] and locator_type: xpath
10/18/2024 03:36:30 PM - LoginPage - INFO: Send text on element with locator: //input[@name='password'] locator Type: xpath
10/18/2024 03:36:30 PM - LoginPage - INFO: Element found with locator: //button[normalize-space()='Login'] and locator_type: xpath
10/18/2024 03:36:30 PM - LoginPage - INFO: Clicked on element with locator: //button[normalize-space()='Login'] locator Type: xpath
10/18/2024 03:36:30 PM - Util - INFO: Actual Text From Application Web UI --> :: OrangeHRM
10/18/2024 03:36:30 PM - Util - INFO: Expected Text From Application Web UI --> :: OrangeHRM
10/18/2024 03:36:30 PM - Util - INFO: ### VERIFICATION CONTAINS !!!
10/18/2024 03:36:30 PM - ReportStatus - INFO: ### VERIFICATION SUCCESSFUL :: + Title verified
10/18/2024 03:36:30 PM - DashboardPage - INFO: Element found with locator: //img[@src='/web/index.php/pim/viewPhoto/empNumber/7'] and locator_type: xpath
10/18/2024 03:36:30 PM - DashboardPage - INFO: Element present with locator: //img[@src='/web/index.php/pim/viewPhoto/empNumber/7']locator_type: xpath
10/18/2024 03:36:34 PM - ReportStatus - INFO: ### VERIFICATION SUCCESSFUL :: + Login successful
10/18/2024 03:36:34 PM - DashboardPage - INFO: Element found with locator: //img[@src='/web/index.php/pim/viewPhoto/empNumber/7'] and locator_type: xpath
10/18/2024 03:36:35 PM - DashboardPage - INFO: Clicked on element with locator: //img[@src='/web/index.php/pim/viewPhoto/empNumber/7'] locator Type: xpath
10/18/2024 03:36:37 PM - DashboardPage - INFO: Element found with locator: //a[text()='Logout'] and locator_type: xpath
10/18/2024 03:36:37 PM - DashboardPage - INFO: Clicked on element with locator: //a[text()='Logout'] locator Type: xpath
10/18/2024 03:36:39 PM - LoginPage - INFO: Element found with locator: //div[@class='orangehrm-login-branding']/img and locator_type: xpath
10/18/2024 03:36:39 PM - LoginPage - INFO: Element present with locator: //div[@class='orangehrm-login-branding']/imglocator_type: xpath
10/18/2024 03:36:39 PM - ReportStatus - INFO: ### VERIFICATION SUCCESSFUL :: + Login and logout successful
10/18/2024 03:36:39 PM - ReportStatus - INFO: test_valid_login_and_logout ### TEST CASE PASSED ###
